<?xml version="1.0" encoding="UTF-8" ?>
<testsuite tests="30" failures="0" name="com.sg.hero.dao.HeroDaoTest" time="4.493" errors="0" skipped="0">
  <properties>
    <property name="java.runtime.name" value="Java(TM) SE Runtime Environment"/>
    <property name="sun.boot.library.path" value="C:\Program Files\Java\jdk1.8.0_131\jre\bin"/>
    <property name="java.vm.version" value="25.131-b11"/>
    <property name="java.vm.vendor" value="Oracle Corporation"/>
    <property name="maven.multiModuleProjectDirectory" value="C:\Users\kvnzi\Desktop\cohort\bitbucket\kevin-ziegler-individual-work\week9\Hero"/>
    <property name="java.vendor.url" value="http://java.oracle.com/"/>
    <property name="path.separator" value=";"/>
    <property name="guice.disable.misplaced.annotation.check" value="true"/>
    <property name="java.vm.name" value="Java HotSpot(TM) 64-Bit Server VM"/>
    <property name="file.encoding.pkg" value="sun.io"/>
    <property name="user.script" value=""/>
    <property name="user.country" value="US"/>
    <property name="sun.java.launcher" value="SUN_STANDARD"/>
    <property name="sun.os.patch.level" value=""/>
    <property name="java.vm.specification.name" value="Java Virtual Machine Specification"/>
    <property name="user.dir" value="C:\Users\kvnzi\Desktop\cohort\bitbucket\kevin-ziegler-individual-work\week9\Hero"/>
    <property name="java.runtime.version" value="1.8.0_131-b11"/>
    <property name="java.awt.graphicsenv" value="sun.awt.Win32GraphicsEnvironment"/>
    <property name="java.endorsed.dirs" value="C:\Program Files\Java\jdk1.8.0_131\jre\lib\endorsed"/>
    <property name="os.arch" value="amd64"/>
    <property name="java.io.tmpdir" value="C:\Users\kvnzi\AppData\Local\Temp\"/>
    <property name="line.separator" value="
"/>
    <property name="java.vm.specification.vendor" value="Oracle Corporation"/>
    <property name="user.variant" value=""/>
    <property name="os.name" value="Windows 10"/>
    <property name="maven.ext.class.path" value="C:\Program Files\NetBeans 8.2\java\maven-nblib\netbeans-eventspy.jar"/>
    <property name="classworlds.conf" value="C:\Program Files\Apache Software Foundation\apache-maven-3.5.0\bin\..\bin\m2.conf"/>
    <property name="sun.jnu.encoding" value="Cp1252"/>
    <property name="java.library.path" value="C:\Program Files\Java\jdk1.8.0_131\bin;C:\WINDOWS\Sun\Java\bin;C:\WINDOWS\system32;C:\WINDOWS;C:\ProgramData\Oracle\Java\javapath;C:\Windows\system32;C:\Windows;C:\Windows\System32\Wbem;C:\Windows\System32\WindowsPowerShell\v1.0\;C:\Program Files (x86)\NVIDIA Corporation\PhysX\Common;C:\WINDOWS\system32;C:\WINDOWS;C:\WINDOWS\System32\Wbem;C:\WINDOWS\System32\WindowsPowerShell\v1.0\;C:\Program Files\Git\cmd;c:\program files\apache-maven-3.x.y\bin;C:\Program Files\MySQL\MySQL Utilities 1.6\;C:\Users\kvnzi\AppData\Local\Microsoft\WindowsApps;C:\Program Files\Java\jdk1.8.0\bin;C:\Program Files\Apache Software Foundation\apache-maven-3.5.0\bin;;."/>
    <property name="maven.conf" value="C:\Program Files\Apache Software Foundation\apache-maven-3.5.0\bin\../conf"/>
    <property name="java.specification.name" value="Java Platform API Specification"/>
    <property name="java.class.version" value="52.0"/>
    <property name="sun.management.compiler" value="HotSpot 64-Bit Tiered Compilers"/>
    <property name="os.version" value="10.0"/>
    <property name="library.jansi.path" value="C:\Program Files\Apache Software Foundation\apache-maven-3.5.0\bin\..\lib\jansi-native\windows64"/>
    <property name="user.home" value="C:\Users\kvnzi"/>
    <property name="user.timezone" value="America/New_York"/>
    <property name="java.awt.printerjob" value="sun.awt.windows.WPrinterJob"/>
    <property name="java.specification.version" value="1.8"/>
    <property name="file.encoding" value="Cp1252"/>
    <property name="user.name" value="kvnzi"/>
    <property name="java.class.path" value="C:\Program Files\Apache Software Foundation\apache-maven-3.5.0\bin\..\boot\plexus-classworlds-2.5.2.jar"/>
    <property name="java.vm.specification.version" value="1.8"/>
    <property name="sun.arch.data.model" value="64"/>
    <property name="java.home" value="C:\Program Files\Java\jdk1.8.0_131\jre"/>
    <property name="sun.java.command" value="org.codehaus.plexus.classworlds.launcher.Launcher -Dmaven.ext.class.path=C:\Program Files\NetBeans 8.2\java\maven-nblib\netbeans-eventspy.jar clean install"/>
    <property name="java.specification.vendor" value="Oracle Corporation"/>
    <property name="user.language" value="en"/>
    <property name="awt.toolkit" value="sun.awt.windows.WToolkit"/>
    <property name="java.vm.info" value="mixed mode"/>
    <property name="java.version" value="1.8.0_131"/>
    <property name="java.ext.dirs" value="C:\Program Files\Java\jdk1.8.0_131\jre\lib\ext;C:\WINDOWS\Sun\Java\lib\ext"/>
    <property name="sun.boot.class.path" value="C:\Program Files\Java\jdk1.8.0_131\jre\lib\resources.jar;C:\Program Files\Java\jdk1.8.0_131\jre\lib\rt.jar;C:\Program Files\Java\jdk1.8.0_131\jre\lib\sunrsasign.jar;C:\Program Files\Java\jdk1.8.0_131\jre\lib\jsse.jar;C:\Program Files\Java\jdk1.8.0_131\jre\lib\jce.jar;C:\Program Files\Java\jdk1.8.0_131\jre\lib\charsets.jar;C:\Program Files\Java\jdk1.8.0_131\jre\lib\jfr.jar;C:\Program Files\Java\jdk1.8.0_131\jre\classes"/>
    <property name="java.vendor" value="Oracle Corporation"/>
    <property name="maven.home" value="C:\Program Files\Apache Software Foundation\apache-maven-3.5.0\bin\.."/>
    <property name="file.separator" value="\"/>
    <property name="java.vendor.url.bug" value="http://bugreport.sun.com/bugreport/"/>
    <property name="sun.cpu.endian" value="little"/>
    <property name="sun.io.unicode.encoding" value="UnicodeLittle"/>
    <property name="sun.desktop" value="windows"/>
    <property name="sun.cpu.isalist" value="amd64"/>
  </properties>
  <testcase classname="com.sg.hero.dao.HeroDaoTest" name="testDeleteChampion" time="1.023"/>
  <testcase classname="com.sg.hero.dao.HeroDaoTest" name="testGetContactById" time="0.173"/>
  <testcase classname="com.sg.hero.dao.HeroDaoTest" name="testDeleteOrganization" time="0.17"/>
  <testcase classname="com.sg.hero.dao.HeroDaoTest" name="testDeletePower" time="0.16"/>
  <testcase classname="com.sg.hero.dao.HeroDaoTest" name="testDeleteContact" time="0.133"/>
  <testcase classname="com.sg.hero.dao.HeroDaoTest" name="testGetAllOrganizations" time="0.136"/>
  <testcase classname="com.sg.hero.dao.HeroDaoTest" name="testUpdateOrganization" time="0.203"/>
  <testcase classname="com.sg.hero.dao.HeroDaoTest" name="testDeleteLocation" time="0.142"/>
  <testcase classname="com.sg.hero.dao.HeroDaoTest" name="testAddSighting" time="0.111"/>
  <testcase classname="com.sg.hero.dao.HeroDaoTest" name="testUpdatePower" time="0.121"/>
  <testcase classname="com.sg.hero.dao.HeroDaoTest" name="testAddOrganization" time="0.135"/>
  <testcase classname="com.sg.hero.dao.HeroDaoTest" name="testGetAllSightings" time="0.147"/>
  <testcase classname="com.sg.hero.dao.HeroDaoTest" name="testGetOrganizationById" time="0.136"/>
  <testcase classname="com.sg.hero.dao.HeroDaoTest" name="testAddPower" time="0.127"/>
  <testcase classname="com.sg.hero.dao.HeroDaoTest" name="testGetSightingById" time="0.096"/>
  <testcase classname="com.sg.hero.dao.HeroDaoTest" name="testGetAllChampions" time="0.117"/>
  <testcase classname="com.sg.hero.dao.HeroDaoTest" name="testAddChampion" time="0.112"/>
  <testcase classname="com.sg.hero.dao.HeroDaoTest" name="testUpdateSighting" time="0.095"/>
  <testcase classname="com.sg.hero.dao.HeroDaoTest" name="testAddLocation" time="0.141"/>
  <testcase classname="com.sg.hero.dao.HeroDaoTest" name="testGetAllPowers" time="0.088"/>
  <testcase classname="com.sg.hero.dao.HeroDaoTest" name="testUpdateChampion" time="0.096"/>
  <testcase classname="com.sg.hero.dao.HeroDaoTest" name="testDeleteSighting" time="0.101"/>
  <testcase classname="com.sg.hero.dao.HeroDaoTest" name="testGetAllLocations" time="0.112"/>
  <testcase classname="com.sg.hero.dao.HeroDaoTest" name="testUpdateContact" time="0.106"/>
  <testcase classname="com.sg.hero.dao.HeroDaoTest" name="testGetLocationById" time="0.088"/>
  <testcase classname="com.sg.hero.dao.HeroDaoTest" name="testUpdateLocation" time="0.088"/>
  <testcase classname="com.sg.hero.dao.HeroDaoTest" name="testGetChampionById" time="0.08"/>
  <testcase classname="com.sg.hero.dao.HeroDaoTest" name="testGetPowerById" time="0.077"/>
  <testcase classname="com.sg.hero.dao.HeroDaoTest" name="testGetAllContacts" time="0.084"/>
  <testcase classname="com.sg.hero.dao.HeroDaoTest" name="testAddContact" time="0.095"/>
</testsuite>